g:\geometrylib\gemometrymath\gemometrymath\debug\vc120.pdb
g:\geometrylib\gemometrymath\gemometrymath\debug\vc120.idb
g:\geometrylib\gemometrymath\gemometrymath\debug\math.obj
g:\geometrylib\gemometrymath\gemometrymath\debug\matrixd.obj
g:\geometrylib\gemometrymath\gemometrymath\debug\matrixdecomposition.obj
g:\geometrylib\gemometrymath\gemometrymath\debug\matrixf.obj
g:\geometrylib\gemometrymath\gemometrymath\debug\point.obj
g:\geometrylib\gemometrymath\gemometrymath\debug\quat.obj
g:\geometrylib\gemometrymath\debug\gemometrymath.lib
g:\geometrylib\gemometrymath\debug\gemometrymath.exp
g:\geometrylib\gemometrymath\debug\gemometrymath.ilk
g:\geometrylib\gemometrymath\debug\gemometrymath.dll
g:\geometrylib\gemometrymath\debug\gemometrymath.pdb
g:\geometrylib\gemometrymath\gemometrymath\debug\gemometrymath.res
g:\geometrylib\gemometrymath\gemometrymath\debug\gemometrymath.tlog\cl.command.1.tlog
g:\geometrylib\gemometrymath\gemometrymath\debug\gemometrymath.tlog\cl.read.1.tlog
g:\geometrylib\gemometrymath\gemometrymath\debug\gemometrymath.tlog\cl.write.1.tlog
g:\geometrylib\gemometrymath\gemometrymath\debug\gemometrymath.tlog\gemometrymath.write.1u.tlog
g:\geometrylib\gemometrymath\gemometrymath\debug\gemometrymath.tlog\link.command.1.tlog
g:\geometrylib\gemometrymath\gemometrymath\debug\gemometrymath.tlog\link.read.1.tlog
g:\geometrylib\gemometrymath\gemometrymath\debug\gemometrymath.tlog\link.write.1.tlog
g:\geometrylib\gemometrymath\gemometrymath\debug\gemometrymath.tlog\rc.command.1.tlog
g:\geometrylib\gemometrymath\gemometrymath\debug\gemometrymath.tlog\rc.read.1.tlog
g:\geometrylib\gemometrymath\gemometrymath\debug\gemometrymath.tlog\rc.write.1.tlog
